<?xml version="1.0" encoding="UTF-8"?>
<!-- Generated by org.testng.reporters.JUnitReportReporter -->
<testsuite skipped="0" hostname="sammaiah-PC" name="testng.Sample5" tests="6" failures="0" timestamp="12 Dec 2018 16:15:42 GMT" time="87.430" errors="0">
  <testcase name="dologin" time="15.121" classname="testng.Sample5"/>
  <testcase name="dologin" time="13.731" classname="testng.Sample5"/>
  <testcase name="dologin" time="16.097" classname="testng.Sample5"/>
  <testcase name="dologin" time="14.046" classname="testng.Sample5"/>
  <testcase name="dologin" time="14.038" classname="testng.Sample5"/>
  <testcase name="dologin" time="14.397" classname="testng.Sample5"/>
</testsuite> <!-- testng.Sample5 -->
