<?xml version="1.0" encoding="UTF-8"?>
<!-- Generated by org.testng.reporters.JUnitReportReporter -->
<testsuite skipped="0" hostname="sammaiah-PC" name="testng.Sample2" tests="2" failures="0" timestamp="10 Dec 2018 13:40:21 GMT" time="0.005" errors="0">
  <testcase name="method1" time="0.002" classname="testng.Sample2"/>
  <testcase name="method2" time="0.003" classname="testng.Sample2"/>
</testsuite> <!-- testng.Sample2 -->
