<?xml version="1.0" encoding="UTF-8"?>
<!-- Generated by org.testng.reporters.JUnitReportReporter -->
<testsuite skipped="0" hostname="sammaiah-PC" name="testng.Sample1" tests="2" failures="0" timestamp="10 Dec 2018 13:40:21 GMT" time="0.021" errors="0">
  <testcase name="testcase1" time="0.013" classname="testng.Sample1"/>
  <testcase name="testcase2" time="0.008" classname="testng.Sample1"/>
</testsuite> <!-- testng.Sample1 -->
