<?xml version="1.0" encoding="UTF-8"?>
<!-- Generated by org.testng.reporters.JUnitReportReporter -->
<testsuite skipped="0" hostname="sammaiah-PC" name="testng.Sample3" tests="6" failures="0" timestamp="2018-12-11T17:30:16 IST" time="81.794" errors="0">
  <testcase name="dologin" time="13.376" classname="testng.Sample3"/>
  <testcase name="dologin" time="13.797" classname="testng.Sample3"/>
  <testcase name="dologin" time="13.266" classname="testng.Sample3"/>
  <testcase name="dologin" time="13.309" classname="testng.Sample3"/>
  <testcase name="dologin" time="13.400" classname="testng.Sample3"/>
  <testcase name="dologin" time="14.646" classname="testng.Sample3"/>
</testsuite> <!-- testng.Sample3 -->
