<?xml version="1.0" encoding="UTF-8"?>
<!-- Generated by org.testng.reporters.JUnitReportReporter -->
<testsuite skipped="0" hostname="sammaiah-PC" name="testng.TestngTest1" tests="2" failures="0" timestamp="10 Dec 2018 13:14:16 GMT" time="24.326" errors="0">
  <testcase name="f" time="10.887" classname="testng.TestngTest1"/>
  <testcase name="f" time="13.439" classname="testng.TestngTest1"/>
</testsuite> <!-- testng.TestngTest1 -->
