<?xml version="1.0" encoding="UTF-8"?>
<!-- Generated by org.testng.reporters.JUnitReportReporter -->
<testsuite skipped="0" hostname="sammaiah-PC" name="testng.TestngTest2" tests="6" failures="0" timestamp="10 Dec 2018 13:14:16 GMT" time="20.298" errors="0">
  <testcase name="launch" time="9.795" classname="testng.TestngTest2"/>
  <testcase name="launch" time="8.395" classname="testng.TestngTest2"/>
  <testcase name="validatelogin" time="0.026" classname="testng.TestngTest2"/>
  <testcase name="validatelogin" time="0.024" classname="testng.TestngTest2"/>
  <testcase name="closesite" time="1.127" classname="testng.TestngTest2"/>
  <testcase name="closesite" time="0.931" classname="testng.TestngTest2"/>
</testsuite> <!-- testng.TestngTest2 -->
