<?xml version="1.0" encoding="UTF-8"?>
<!-- Generated by org.testng.reporters.JUnitReportReporter -->
<testsuite skipped="0" hostname="sammaiah-PC" name="testng.Sample4" tests="6" failures="0" timestamp="2018-12-11T17:27:58 IST" time="81.268" errors="0">
  <testcase name="dologin" time="14.276" classname="testng.Sample4"/>
  <testcase name="dologin" time="13.063" classname="testng.Sample4"/>
  <testcase name="dologin" time="13.063" classname="testng.Sample4"/>
  <testcase name="dologin" time="13.016" classname="testng.Sample4"/>
  <testcase name="dologin" time="13.327" classname="testng.Sample4"/>
  <testcase name="dologin" time="14.523" classname="testng.Sample4"/>
</testsuite> <!-- testng.Sample4 -->
